2024-09-29 17:40:34 0 [Note] Starting MariaDB 11.4.3-MariaDB source revision 5ab81ffe0097a22a774957df28c5223cf0201de3 server_uid UCVoxoQAVz23gqxrl7qEoB/MFb4= as process 14424
2024-09-29 17:40:34 0 [Note] InnoDB: Compressed tables use zlib 1.3.1
2024-09-29 17:40:34 0 [Note] InnoDB: Number of transaction pools: 1
2024-09-29 17:40:34 0 [Note] InnoDB: Using crc32 + pclmulqdq instructions
2024-09-29 17:40:34 0 [Note] InnoDB: Initializing buffer pool, total size = 0.964GiB, chunk size = 15.422MiB
2024-09-29 17:40:34 0 [Note] InnoDB: Completed initialization of buffer pool
2024-09-29 17:40:34 0 [Note] InnoDB: File system buffers for log disabled (block size=4096 bytes)
2024-09-29 17:40:34 0 [Note] InnoDB: End of log at LSN=47629
2024-09-29 17:40:34 0 [Note] InnoDB: Opened 3 undo tablespaces
2024-09-29 17:40:34 0 [Note] InnoDB: 128 rollback segments in 3 undo tablespaces are active.
2024-09-29 17:40:34 0 [Note] InnoDB: Setting file './ibtmp1' size to 12.000MiB. Physically writing the file full; Please wait ...
2024-09-29 17:40:34 0 [Note] InnoDB: File './ibtmp1' size is now 12.000MiB.
2024-09-29 17:40:34 0 [Note] InnoDB: log sequence number 47629; transaction id 14
2024-09-29 17:40:34 0 [Note] Plugin 'FEEDBACK' is disabled.
2024-09-29 17:40:34 0 [Note] InnoDB: Loading buffer pool(s) from C:\JP\2024_Grad_Project\data\ib_buffer_pool
2024-09-29 17:40:34 0 [Note] mysqld.exe: SSPI: using principal name 'localhost', mech 'Negotiate'
2024-09-29 17:40:34 0 [Note] InnoDB: Buffer pool(s) load completed at 240929 17:40:34
2024-09-29 17:40:35 0 [Note] Server socket created on IP: '::'.
2024-09-29 17:40:35 0 [Note] Server socket created on IP: '0.0.0.0'.
2024-09-29 17:40:35 0 [Note] mysqld.exe: Event Scheduler: Loaded 0 events
2024-09-29 17:40:35 0 [Note] C:\Program Files\MariaDB 11.4\bin\mysqld.exe: ready for connections.
Version: '11.4.3-MariaDB'  socket: ''  port: 3306  mariadb.org binary distribution
